<?xml version="1.0" encoding="UTF-8"?>
<testsuite name="RecipesApplicationTest" tests="1" skipped="0" failures="0" errors="0" timestamp="2023-03-05T16:23:36" hostname="KEVIN" time="20.849">
  <properties/>
  <testcase name="start" classname="RecipesApplicationTest" time="20.849"/>
  <system-out><![CDATA[?[1;31m
Start test 1?[0m
?[0;34m
?[0m?[0;34m  .   ____          _            __ _ _
?[0m?[0;34m /\\ / ___'_ __ _ _(_)_ __  __ _ \ \ \ \
?[0m?[0;34m( ( )\___ | '_ | '_| | '_ \/ _` | \ \ \ \
?[0m?[0;34m \\/  ___)| |_)| | | | | || (_| |  ) ) ) )
?[0m?[0;34m  '  |____| .__|_| |_|_| |_\__, | / / / /
?[0m?[0;34m =========|_|==============|___/=/_/_/_/
?[0m?[0;34m :: Spring Boot ::                (v2.5.6)
?[0m?[0;34m
?[0m?[0;34m2023-03-05 11:23:36.986  INFO 8856 --- [    Test worker] recipes.RecipesApplication               : Starting RecipesApplication using Java 17.0.6 on Kevin with PID 8856 (started by ferna in D:\My studies\Java\Recipes\Recipes\task)
?[0m?[0;34m2023-03-05 11:23:36.989  INFO 8856 --- [    Test worker] recipes.RecipesApplication               : No active profile set, falling back to default profiles: default
?[0m?[0;34m2023-03-05 11:23:38.480  INFO 8856 --- [    Test worker] .s.d.r.c.RepositoryConfigurationDelegate : Bootstrapping Spring Data JPA repositories in DEFAULT mode.
?[0m?[0;34m2023-03-05 11:23:38.570  INFO 8856 --- [    Test worker] .s.d.r.c.RepositoryConfigurationDelegate : Finished Spring Data repository scanning in 71 ms. Found 3 JPA repository interfaces.
?[0m?[0;34m2023-03-05 11:23:39.580  INFO 8856 --- [    Test worker] o.s.b.w.embedded.tomcat.TomcatWebServer  : Tomcat initialized with port(s): 8881 (http)
?[0m?[0;34m2023-03-05 11:23:39.589  INFO 8856 --- [    Test worker] o.apache.catalina.core.StandardService   : Starting service [Tomcat]
?[0m?[0;34m2023-03-05 11:23:39.590  INFO 8856 --- [    Test worker] org.apache.catalina.core.StandardEngine  : Starting Servlet engine: [Apache Tomcat/9.0.54]
?[0m?[0;34m2023-03-05 11:23:39.730  INFO 8856 --- [    Test worker] o.a.c.c.C.[Tomcat].[localhost].[/]       : Initializing Spring embedded WebApplicationContext
?[0m?[0;34m2023-03-05 11:23:39.730  INFO 8856 --- [    Test worker] w.s.c.ServletWebServerApplicationContext : Root WebApplicationContext: initialization completed in 2688 ms
?[0m?[0;34m2023-03-05 11:23:40.115  INFO 8856 --- [    Test worker] o.hibernate.jpa.internal.util.LogHelper  : HHH000204: Processing PersistenceUnitInfo [name: default]
?[0m?[0;34m2023-03-05 11:23:40.198  INFO 8856 --- [    Test worker] org.hibernate.Version                    : HHH000412: Hibernate ORM core version 5.4.32.Final
?[0m?[0;34m2023-03-05 11:23:40.408  INFO 8856 --- [    Test worker] o.hibernate.annotations.common.Version   : HCANN000001: Hibernate Commons Annotations {5.1.2.Final}
?[0m?[0;34m2023-03-05 11:23:40.624  INFO 8856 --- [    Test worker] com.zaxxer.hikari.HikariDataSource       : HikariPool-1 - Starting...
?[0m?[0;34m2023-03-05 11:23:40.860  INFO 8856 --- [    Test worker] com.zaxxer.hikari.HikariDataSource       : HikariPool-1 - Start completed.
?[0m?[0;34m2023-03-05 11:23:40.876  INFO 8856 --- [    Test worker] org.hibernate.dialect.Dialect            : HHH000400: Using dialect: org.hibernate.dialect.PostgreSQLDialect
?[0m?[0;34mHibernate: 
?[0m?[0;34m    
?[0m?[0;34m    create table direction (
?[0m?[0;34m       id int8 not null,
?[0m?[0;34m        description varchar(255),
?[0m?[0;34m        recipe_id int8,
?[0m?[0;34m        primary key (id)
?[0m?[0;34m    )
?[0m?[0;34mHibernate: 
?[0m?[0;34m    
?[0m?[0;34m    create table ingredient (
?[0m?[0;34m       id int8 not null,
?[0m?[0;34m        name varchar(255),
?[0m?[0;34m        recipe_id int8,
?[0m?[0;34m        primary key (id)
?[0m?[0;34m    )
?[0m?[0;34mHibernate: 
?[0m?[0;34m    
?[0m?[0;34m    create table recipes (
?[0m?[0;34m       id int8 not null,
?[0m?[0;34m        description varchar(255),
?[0m?[0;34m        name varchar(255),
?[0m?[0;34m        primary key (id)
?[0m?[0;34m    )
?[0m?[0;34mHibernate: create sequence hibernate_sequence start 1 increment 1
?[0m?[0;34mHibernate: 
?[0m?[0;34m    
?[0m?[0;34m    alter table direction 
?[0m?[0;34m       add constraint FKm6gquj2ng2h95yrxpuj1gjnq 
?[0m?[0;34m       foreign key (recipe_id) 
?[0m?[0;34m       references recipes
?[0m?[0;34mHibernate: 
?[0m?[0;34m    
?[0m?[0;34m    alter table ingredient 
?[0m?[0;34m       add constraint FK88h2tluyw2likhrjlciynjg90 
?[0m?[0;34m       foreign key (recipe_id) 
?[0m?[0;34m       references recipes
?[0m?[0;34m2023-03-05 11:23:42.010  INFO 8856 --- [    Test worker] o.h.e.t.j.p.i.JtaPlatformInitiator       : HHH000490: Using JtaPlatform implementation: [org.hibernate.engine.transaction.jta.platform.internal.NoJtaPlatform]
?[0m?[0;34m2023-03-05 11:23:42.020  INFO 8856 --- [    Test worker] j.LocalContainerEntityManagerFactoryBean : Initialized JPA EntityManagerFactory for persistence unit 'default'
?[0m?[0;34m2023-03-05 11:23:42.646  WARN 8856 --- [    Test worker] JpaBaseConfiguration$JpaWebConfiguration : spring.jpa.open-in-view is enabled by default. Therefore, database queries may be performed during view rendering. Explicitly configure spring.jpa.open-in-view to disable this warning
?[0m?[0;34m2023-03-05 11:23:43.417  INFO 8856 --- [    Test worker] o.s.b.a.e.web.EndpointLinksResolver      : Exposing 14 endpoint(s) beneath base path '/actuator'
?[0m?[0;34m2023-03-05 11:23:43.459  INFO 8856 --- [    Test worker] o.s.b.w.embedded.tomcat.TomcatWebServer  : Tomcat started on port(s): 8881 (http) with context path ''
?[0m?[0;34m2023-03-05 11:23:43.471  INFO 8856 --- [    Test worker] recipes.RecipesApplication               : Started RecipesApplication in 7.034 seconds (JVM running for 8.069)
?[0;34m2023-03-05 11:23:43.825  INFO 8856 --- [nio-8881-exec-1] o.a.c.c.C.[Tomcat].[localhost].[/]       : Initializing Spring DispatcherServlet 'dispatcherServlet'
?[0m?[0;34m2023-03-05 11:23:43.825  INFO 8856 --- [nio-8881-exec-1] o.s.web.servlet.DispatcherServlet        : Initializing Servlet 'dispatcherServlet'
?[0m?[0;34m2023-03-05 11:23:43.827  INFO 8856 --- [nio-8881-exec-1] o.s.web.servlet.DispatcherServlet        : Completed initialization in 2 ms
?[0m?[0;34mHibernate: 
?[0m?[0;34m    select
?[0m?[0;34m        nextval ('hibernate_sequence')
?[0m?[0;34mHibernate: 
?[0m?[0;34m    insert 
?[0m?[0;34m    into
?[0m?[0;34m        recipes
?[0m?[0;34m        (description, name, id) 
?[0m?[0;34m    values
?[0m?[0;34m        (?, ?, ?)
?[0m?[0;34mHibernate: 
?[0m?[0;34m    select
?[0m?[0;34m        nextval ('hibernate_sequence')
?[0m?[0;34mHibernate: 
?[0m?[0;34m    insert 
?[0m?[0;34m    into
?[0m?[0;34m        direction
?[0m?[0;34m        (description, recipe_id, id) 
?[0m?[0;34m    values
?[0m?[0;34m        (?, ?, ?)
?[0m?[0;34mHibernate: 
?[0m?[0;34m    select
?[0m?[0;34m        nextval ('hibernate_sequence')
?[0m?[0;34mHibernate: 
?[0m?[0;34m    insert 
?[0m?[0;34m    into
?[0m?[0;34m        direction
?[0m?[0;34m        (description, recipe_id, id) 
?[0m?[0;34m    values
?[0m?[0;34m        (?, ?, ?)
?[0m?[0;34mHibernate: 
?[0m?[0;34m    select
?[0m?[0;34m        nextval ('hibernate_sequence')
?[0m?[0;34mHibernate: 
?[0m?[0;34m    insert 
?[0m?[0;34m    into
?[0m?[0;34m        direction
?[0m?[0;34m        (description, recipe_id, id) 
?[0m?[0;34m    values
?[0m?[0;34m        (?, ?, ?)
?[0m?[0;34mHibernate: 
?[0m?[0;34m    select
?[0m?[0;34m        nextval ('hibernate_sequence')
?[0m?[0;34mHibernate: 
?[0m?[0;34m    insert 
?[0m?[0;34m    into
?[0m?[0;34m        direction
?[0m?[0;34m        (description, recipe_id, id) 
?[0m?[0;34m    values
?[0m?[0;34m        (?, ?, ?)
?[0m?[0;34mHibernate: 
?[0m?[0;34m    select
?[0m?[0;34m        nextval ('hibernate_sequence')
?[0m?[0;34mHibernate: 
?[0m?[0;34m    insert 
?[0m?[0;34m    into
?[0m?[0;34m        direction
?[0m?[0;34m        (description, recipe_id, id) 
?[0m?[0;34m    values
?[0m?[0;34m        (?, ?, ?)
?[0m?[0;34mHibernate: 
?[0m?[0;34m    select
?[0m?[0;34m        nextval ('hibernate_sequence')
?[0m?[0;34mHibernate: 
?[0m?[0;34m    insert 
?[0m?[0;34m    into
?[0m?[0;34m        ingredient
?[0m?[0;34m        (name, recipe_id, id) 
?[0m?[0;34m    values
?[0m?[0;34m        (?, ?, ?)
?[0m?[0;34mHibernate: 
?[0m?[0;34m    select
?[0m?[0;34m        nextval ('hibernate_sequence')
?[0m?[0;34mHibernate: 
?[0m?[0;34m    insert 
?[0m?[0;34m    into
?[0m?[0;34m        ingredient
?[0m?[0;34m        (name, recipe_id, id) 
?[0m?[0;34m    values
?[0m?[0;34m        (?, ?, ?)
?[0m?[0;34mHibernate: 
?[0m?[0;34m    select
?[0m?[0;34m        nextval ('hibernate_sequence')
?[0m?[0;34mHibernate: 
?[0m?[0;34m    insert 
?[0m?[0;34m    into
?[0m?[0;34m        ingredient
?[0m?[0;34m        (name, recipe_id, id) 
?[0m?[0;34m    values
?[0m?[0;34m        (?, ?, ?)
?[0m?[1;31m
Start test 2?[0m
?[0;34mHibernate: 
?[0m?[0;34m    select
?[0m?[0;34m        nextval ('hibernate_sequence')
?[0m?[0;34mHibernate: 
?[0m?[0;34m    insert 
?[0m?[0;34m    into
?[0m?[0;34m        recipes
?[0m?[0;34m        (description, name, id) 
?[0m?[0;34m    values
?[0m?[0;34m        (?, ?, ?)
?[0m?[0;34mHibernate: 
?[0m?[0;34m    select
?[0m?[0;34m        nextval ('hibernate_sequence')
?[0m?[0;34mHibernate: 
?[0m?[0;34m    insert 
?[0m?[0;34m    into
?[0m?[0;34m        direction
?[0m?[0;34m        (description, recipe_id, id) 
?[0m?[0;34m    values
?[0m?[0;34m        (?, ?, ?)
?[0m?[0;34mHibernate: 
?[0m?[0;34m    select
?[0m?[0;34m        nextval ('hibernate_sequence')
?[0m?[0;34mHibernate: 
?[0m?[0;34m    insert 
?[0m?[0;34m    into
?[0m?[0;34m        direction
?[0m?[0;34m        (description, recipe_id, id) 
?[0m?[0;34m    values
?[0m?[0;34m        (?, ?, ?)
?[0m?[0;34mHibernate: 
?[0m?[0;34m    select
?[0m?[0;34m        nextval ('hibernate_sequence')
?[0m?[0;34mHibernate: 
?[0m?[0;34m    insert 
?[0m?[0;34m    into
?[0m?[0;34m        direction
?[0m?[0;34m        (description, recipe_id, id) 
?[0m?[0;34m    values
?[0m?[0;34m        (?, ?, ?)
?[0m?[0;34mHibernate: 
?[0m?[0;34m    select
?[0m?[0;34m        nextval ('hibernate_sequence')
?[0m?[0;34mHibernate: 
?[0m?[0;34m    insert 
?[0m?[0;34m    into
?[0m?[0;34m        ingredient
?[0m?[0;34m        (name, recipe_id, id) 
?[0m?[0;34m    values
?[0m?[0;34m        (?, ?, ?)
?[0m?[0;34mHibernate: 
?[0m?[0;34m    select
?[0m?[0;34m        nextval ('hibernate_sequence')
?[0m?[0;34mHibernate: 
?[0m?[0;34m    insert 
?[0m?[0;34m    into
?[0m?[0;34m        ingredient
?[0m?[0;34m        (name, recipe_id, id) 
?[0m?[0;34m    values
?[0m?[0;34m        (?, ?, ?)
?[0m?[0;34mHibernate: 
?[0m?[0;34m    select
?[0m?[0;34m        nextval ('hibernate_sequence')
?[0m?[0;34mHibernate: 
?[0m?[0;34m    insert 
?[0m?[0;34m    into
?[0m?[0;34m        ingredient
?[0m?[0;34m        (name, recipe_id, id) 
?[0m?[0;34m    values
?[0m?[0;34m        (?, ?, ?)
?[1;31m
Start test 3?[0m
?[0;34mHibernate: 
?[0m?[0;34m    select
?[0m?[0;34m        recipe0_.id as id1_2_0_,
?[0m?[0;34m        recipe0_.description as descript2_2_0_,
?[0m?[0;34m        recipe0_.name as name3_2_0_ 
?[0m?[0;34m    from
?[0m?[0;34m        recipes recipe0_ 
?[0m?[0;34m    where
?[0m?[0;34m        recipe0_.id=?
?[0m?[0;34mHibernate: 
?[0m?[0;34m    select
?[0m?[0;34m        ingredient0_.recipe_id as recipe_i3_1_0_,
?[0m?[0;34m        ingredient0_.id as id1_1_0_,
?[0m?[0;34m        ingredient0_.id as id1_1_1_,
?[0m?[0;34m        ingredient0_.name as name2_1_1_,
?[0m?[0;34m        ingredient0_.recipe_id as recipe_i3_1_1_ 
?[0m?[0;34m    from
?[0m?[0;34m        ingredient ingredient0_ 
?[0m?[0;34m    where
?[0m?[0;34m        ingredient0_.recipe_id=?
?[0m?[0;34mHibernate: 
?[0m?[0;34m    select
?[0m?[0;34m        directions0_.recipe_id as recipe_i3_0_0_,
?[0m?[0;34m        directions0_.id as id1_0_0_,
?[0m?[0;34m        directions0_.id as id1_0_1_,
?[0m?[0;34m        directions0_.description as descript2_0_1_,
?[0m?[0;34m        directions0_.recipe_id as recipe_i3_0_1_ 
?[0m?[0;34m    from
?[0m?[0;34m        direction directions0_ 
?[0m?[0;34m    where
?[0m?[0;34m        directions0_.recipe_id=?
?[1;31m
Start test 4?[0m
?[0;34mHibernate: 
?[0m?[0;34m    select
?[0m?[0;34m        recipe0_.id as id1_2_0_,
?[0m?[0;34m        recipe0_.description as descript2_2_0_,
?[0m?[0;34m        recipe0_.name as name3_2_0_ 
?[0m?[0;34m    from
?[0m?[0;34m        recipes recipe0_ 
?[0m?[0;34m    where
?[0m?[0;34m        recipe0_.id=?
?[0m?[0;34mHibernate: 
?[0m?[0;34m    select
?[0m?[0;34m        ingredient0_.recipe_id as recipe_i3_1_0_,
?[0m?[0;34m        ingredient0_.id as id1_1_0_,
?[0m?[0;34m        ingredient0_.id as id1_1_1_,
?[0m?[0;34m        ingredient0_.name as name2_1_1_,
?[0m?[0;34m        ingredient0_.recipe_id as recipe_i3_1_1_ 
?[0m?[0;34m    from
?[0m?[0;34m        ingredient ingredient0_ 
?[0m?[0;34m    where
?[0m?[0;34m        ingredient0_.recipe_id=?
?[0m?[0;34mHibernate: 
?[0m?[0;34m    select
?[0m?[0;34m        directions0_.recipe_id as recipe_i3_0_0_,
?[0m?[0;34m        directions0_.id as id1_0_0_,
?[0m?[0;34m        directions0_.id as id1_0_1_,
?[0m?[0;34m        directions0_.description as descript2_0_1_,
?[0m?[0;34m        directions0_.recipe_id as recipe_i3_0_1_ 
?[0m?[0;34m    from
?[0m?[0;34m        direction directions0_ 
?[0m?[0;34m    where
?[0m?[0;34m        directions0_.recipe_id=?
?[1;31m
Start test 5?[0m
?[0;34m2023-03-05 11:23:45.013  INFO 8856 --- [       Thread-4] j.LocalContainerEntityManagerFactoryBean : Closing JPA EntityManagerFactory for persistence unit 'default'
?[0m?[0;34m2023-03-05 11:23:45.018  INFO 8856 --- [       Thread-4] com.zaxxer.hikari.HikariDataSource       : HikariPool-1 - Shutdown initiated...
?[0m?[0;34m2023-03-05 11:23:45.027  INFO 8856 --- [       Thread-4] com.zaxxer.hikari.HikariDataSource       : HikariPool-1 - Shutdown completed.
?[0;34m
?[0m?[0;34m  .   ____          _            __ _ _
?[0m?[0;34m /\\ / ___'_ __ _ _(_)_ __  __ _ \ \ \ \
?[0m?[0;34m( ( )\___ | '_ | '_| | '_ \/ _` | \ \ \ \
?[0m?[0;34m \\/  ___)| |_)| | | | | || (_| |  ) ) ) )
?[0m?[0;34m  '  |____| .__|_| |_|_| |_\__, | / / / /
?[0m?[0;34m =========|_|==============|___/=/_/_/_/
?[0m?[0;34m :: Spring Boot ::                (v2.5.6)
?[0m?[0;34m
?[0m?[0;34m2023-03-05 11:23:55.424  INFO 8856 --- [    Test worker] recipes.RecipesApplication               : Starting RecipesApplication using Java 17.0.6 on Kevin with PID 8856 (started by ferna in D:\My studies\Java\Recipes\Recipes\task)
?[0m?[0;34m2023-03-05 11:23:55.424  INFO 8856 --- [    Test worker] recipes.RecipesApplication               : No active profile set, falling back to default profiles: default
?[0m?[0;34m2023-03-05 11:23:55.705  INFO 8856 --- [    Test worker] .s.d.r.c.RepositoryConfigurationDelegate : Bootstrapping Spring Data JPA repositories in DEFAULT mode.
?[0m?[0;34m2023-03-05 11:23:55.713  INFO 8856 --- [    Test worker] .s.d.r.c.RepositoryConfigurationDelegate : Finished Spring Data repository scanning in 7 ms. Found 3 JPA repository interfaces.
?[0m?[0;34m2023-03-05 11:23:55.845  INFO 8856 --- [    Test worker] o.s.b.w.embedded.tomcat.TomcatWebServer  : Tomcat initialized with port(s): 8881 (http)
?[0m?[0;34m2023-03-05 11:23:55.846  INFO 8856 --- [    Test worker] o.apache.catalina.core.StandardService   : Starting service [Tomcat]
?[0m?[0;34m2023-03-05 11:23:55.847  INFO 8856 --- [    Test worker] org.apache.catalina.core.StandardEngine  : Starting Servlet engine: [Apache Tomcat/9.0.54]
?[0m?[0;34m2023-03-05 11:23:55.877  INFO 8856 --- [    Test worker] o.a.c.c.C.[Tomcat].[localhost].[/]       : Initializing Spring embedded WebApplicationContext
?[0m?[0;34m2023-03-05 11:23:55.878  INFO 8856 --- [    Test worker] w.s.c.ServletWebServerApplicationContext : Root WebApplicationContext: initialization completed in 452 ms
?[0m?[0;34m2023-03-05 11:23:55.992  INFO 8856 --- [    Test worker] o.hibernate.jpa.internal.util.LogHelper  : HHH000204: Processing PersistenceUnitInfo [name: default]
?[0m?[0;34m2023-03-05 11:23:55.999  INFO 8856 --- [    Test worker] com.zaxxer.hikari.HikariDataSource       : HikariPool-2 - Starting...
?[0m?[0;34m2023-03-05 11:23:56.049  INFO 8856 --- [    Test worker] com.zaxxer.hikari.HikariDataSource       : HikariPool-2 - Start completed.
?[0m?[0;34m2023-03-05 11:23:56.049  INFO 8856 --- [    Test worker] org.hibernate.dialect.Dialect            : HHH000400: Using dialect: org.hibernate.dialect.PostgreSQLDialect
?[0m?[0;34m2023-03-05 11:23:56.187  INFO 8856 --- [    Test worker] o.h.e.t.j.p.i.JtaPlatformInitiator       : HHH000490: Using JtaPlatform implementation: [org.hibernate.engine.transaction.jta.platform.internal.NoJtaPlatform]
?[0m?[0;34m2023-03-05 11:23:56.188  INFO 8856 --- [    Test worker] j.LocalContainerEntityManagerFactoryBean : Initialized JPA EntityManagerFactory for persistence unit 'default'
?[0m?[0;34m2023-03-05 11:23:56.342  WARN 8856 --- [    Test worker] JpaBaseConfiguration$JpaWebConfiguration : spring.jpa.open-in-view is enabled by default. Therefore, database queries may be performed during view rendering. Explicitly configure spring.jpa.open-in-view to disable this warning
?[0m?[0;34m2023-03-05 11:23:56.588  INFO 8856 --- [    Test worker] o.s.b.a.e.web.EndpointLinksResolver      : Exposing 14 endpoint(s) beneath base path '/actuator'
?[0m?[0;34m2023-03-05 11:23:56.607  INFO 8856 --- [    Test worker] o.s.b.w.embedded.tomcat.TomcatWebServer  : Tomcat started on port(s): 8881 (http) with context path ''
?[0m?[0;34m2023-03-05 11:23:56.617  INFO 8856 --- [    Test worker] recipes.RecipesApplication               : Started RecipesApplication in 1.214 seconds (JVM running for 21.214)
?[0m?[1;31m
Start test 6?[0m
?[0;34m2023-03-05 11:23:56.624  INFO 8856 --- [nio-8881-exec-1] o.a.c.c.C.[Tomcat].[localhost].[/]       : Initializing Spring DispatcherServlet 'dispatcherServlet'
?[0m?[0;34m2023-03-05 11:23:56.624  INFO 8856 --- [nio-8881-exec-1] o.s.web.servlet.DispatcherServlet        : Initializing Servlet 'dispatcherServlet'
?[0m?[0;34m2023-03-05 11:23:56.626  INFO 8856 --- [nio-8881-exec-1] o.s.web.servlet.DispatcherServlet        : Completed initialization in 2 ms
?[0m?[0;34mHibernate: 
?[0m?[0;34m    select
?[0m?[0;34m        recipe0_.id as id1_2_0_,
?[0m?[0;34m        recipe0_.description as descript2_2_0_,
?[0m?[0;34m        recipe0_.name as name3_2_0_ 
?[0m?[0;34m    from
?[0m?[0;34m        recipes recipe0_ 
?[0m?[0;34m    where
?[0m?[0;34m        recipe0_.id=?
?[0m?[0;34mHibernate: 
?[0m?[0;34m    select
?[0m?[0;34m        ingredient0_.recipe_id as recipe_i3_1_0_,
?[0m?[0;34m        ingredient0_.id as id1_1_0_,
?[0m?[0;34m        ingredient0_.id as id1_1_1_,
?[0m?[0;34m        ingredient0_.name as name2_1_1_,
?[0m?[0;34m        ingredient0_.recipe_id as recipe_i3_1_1_ 
?[0m?[0;34m    from
?[0m?[0;34m        ingredient ingredient0_ 
?[0m?[0;34m    where
?[0m?[0;34m        ingredient0_.recipe_id=?
?[0m?[0;34mHibernate: 
?[0m?[0;34m    select
?[0m?[0;34m        directions0_.recipe_id as recipe_i3_0_0_,
?[0m?[0;34m        directions0_.id as id1_0_0_,
?[0m?[0;34m        directions0_.id as id1_0_1_,
?[0m?[0;34m        directions0_.description as descript2_0_1_,
?[0m?[0;34m        directions0_.recipe_id as recipe_i3_0_1_ 
?[0m?[0;34m    from
?[0m?[0;34m        direction directions0_ 
?[0m?[0;34m    where
?[0m?[0;34m        directions0_.recipe_id=?
?[1;31m
Start test 7?[0m
?[0;34mHibernate: 
?[0m?[0;34m    select
?[0m?[0;34m        recipe0_.id as id1_2_0_,
?[0m?[0;34m        recipe0_.description as descript2_2_0_,
?[0m?[0;34m        recipe0_.name as name3_2_0_ 
?[0m?[0;34m    from
?[0m?[0;34m        recipes recipe0_ 
?[0m?[0;34m    where
?[0m?[0;34m        recipe0_.id=?
?[0m?[0;34mHibernate: 
?[0m?[0;34m    select
?[0m?[0;34m        ingredient0_.recipe_id as recipe_i3_1_0_,
?[0m?[0;34m        ingredient0_.id as id1_1_0_,
?[0m?[0;34m        ingredient0_.id as id1_1_1_,
?[0m?[0;34m        ingredient0_.name as name2_1_1_,
?[0m?[0;34m        ingredient0_.recipe_id as recipe_i3_1_1_ 
?[0m?[0;34m    from
?[0m?[0;34m        ingredient ingredient0_ 
?[0m?[0;34m    where
?[0m?[0;34m        ingredient0_.recipe_id=?
?[0m?[0;34mHibernate: 
?[0m?[0;34m    select
?[0m?[0;34m        directions0_.recipe_id as recipe_i3_0_0_,
?[0m?[0;34m        directions0_.id as id1_0_0_,
?[0m?[0;34m        directions0_.id as id1_0_1_,
?[0m?[0;34m        directions0_.description as descript2_0_1_,
?[0m?[0;34m        directions0_.recipe_id as recipe_i3_0_1_ 
?[0m?[0;34m    from
?[0m?[0;34m        direction directions0_ 
?[0m?[0;34m    where
?[0m?[0;34m        directions0_.recipe_id=?
?[1;31m
Start test 8?[0m
?[0;34mHibernate: 
?[0m?[0;34m    select
?[0m?[0;34m        recipe0_.id as id1_2_0_,
?[0m?[0;34m        recipe0_.description as descript2_2_0_,
?[0m?[0;34m        recipe0_.name as name3_2_0_ 
?[0m?[0;34m    from
?[0m?[0;34m        recipes recipe0_ 
?[0m?[0;34m    where
?[0m?[0;34m        recipe0_.id=?
?[0m?[0;34mHibernate: 
?[0m?[0;34m    select
?[0m?[0;34m        directions0_.recipe_id as recipe_i3_0_0_,
?[0m?[0;34m        directions0_.id as id1_0_0_,
?[0m?[0;34m        directions0_.id as id1_0_1_,
?[0m?[0;34m        directions0_.description as descript2_0_1_,
?[0m?[0;34m        directions0_.recipe_id as recipe_i3_0_1_ 
?[0m?[0;34m    from
?[0m?[0;34m        direction directions0_ 
?[0m?[0;34m    where
?[0m?[0;34m        directions0_.recipe_id=?
?[0m?[0;34mHibernate: 
?[0m?[0;34m    select
?[0m?[0;34m        ingredient0_.recipe_id as recipe_i3_1_0_,
?[0m?[0;34m        ingredient0_.id as id1_1_0_,
?[0m?[0;34m        ingredient0_.id as id1_1_1_,
?[0m?[0;34m        ingredient0_.name as name2_1_1_,
?[0m?[0;34m        ingredient0_.recipe_id as recipe_i3_1_1_ 
?[0m?[0;34m    from
?[0m?[0;34m        ingredient ingredient0_ 
?[0m?[0;34m    where
?[0m?[0;34m        ingredient0_.recipe_id=?
?[0m?[0;34mHibernate: 
?[0m?[0;34m    delete 
?[0m?[0;34m    from
?[0m?[0;34m        direction 
?[0m?[0;34m    where
?[0m?[0;34m        id=?
?[0m?[0;34mHibernate: 
?[0m?[0;34m    delete 
?[0m?[0;34m    from
?[0m?[0;34m        direction 
?[0m?[0;34m    where
?[0m?[0;34m        id=?
?[0m?[0;34mHibernate: 
?[0m?[0;34m    delete 
?[0m?[0;34m    from
?[0m?[0;34m        direction 
?[0m?[0;34m    where
?[0m?[0;34m        id=?
?[0m?[0;34mHibernate: 
?[0m?[0;34m    delete 
?[0m?[0;34m    from
?[0m?[0;34m        direction 
?[0m?[0;34m    where
?[0m?[0;34m        id=?
?[0m?[0;34mHibernate: 
?[0m?[0;34m    delete 
?[0m?[0;34m    from
?[0m?[0;34m        direction 
?[0m?[0;34m    where
?[0m?[0;34m        id=?
?[0m?[0;34mHibernate: 
?[0m?[0;34m    delete 
?[0m?[0;34m    from
?[0m?[0;34m        ingredient 
?[0m?[0;34m    where
?[0m?[0;34m        id=?
?[0m?[0;34mHibernate: 
?[0m?[0;34m    delete 
?[0m?[0;34m    from
?[0m?[0;34m        ingredient 
?[0m?[0;34m    where
?[0m?[0;34m        id=?
?[0m?[0;34mHibernate: 
?[0m?[0;34m    delete 
?[0m?[0;34m    from
?[0m?[0;34m        ingredient 
?[0m?[0;34m    where
?[0m?[0;34m        id=?
?[0m?[0;34mHibernate: 
?[0m?[0;34m    delete 
?[0m?[0;34m    from
?[0m?[0;34m        recipes 
?[0m?[0;34m    where
?[0m?[0;34m        id=?
?[1;31m
Start test 9?[0m
?[0;34mHibernate: 
?[0m?[0;34m    select
?[0m?[0;34m        recipe0_.id as id1_2_0_,
?[0m?[0;34m        recipe0_.description as descript2_2_0_,
?[0m?[0;34m        recipe0_.name as name3_2_0_ 
?[0m?[0;34m    from
?[0m?[0;34m        recipes recipe0_ 
?[0m?[0;34m    where
?[0m?[0;34m        recipe0_.id=?
?[1;31m
Start test 10?[0m
?[0;34mHibernate: 
?[0m?[0;34m    select
?[0m?[0;34m        recipe0_.id as id1_2_0_,
?[0m?[0;34m        recipe0_.description as descript2_2_0_,
?[0m?[0;34m        recipe0_.name as name3_2_0_ 
?[0m?[0;34m    from
?[0m?[0;34m        recipes recipe0_ 
?[0m?[0;34m    where
?[0m?[0;34m        recipe0_.id=?
?[1;31m
Start test 11?[0m
?[0;34m2023-03-05 11:23:56.809  WARN 8856 --- [nio-8881-exec-6] .w.s.m.s.DefaultHandlerExceptionResolver : Resolved [org.springframework.web.bind.MethodArgumentNotValidException: Validation failed for argument [0] in public org.springframework.http.ResponseEntity<?> recipes.controller.RecipeRestController.addRecipe(recipes.entity.RecipeRequest): [Field error in object 'recipeRequest' on field 'name': rejected value [null]; codes [NotBlank.recipeRequest.name,NotBlank.name,NotBlank.java.lang.String,NotBlank]; arguments [org.springframework.context.support.DefaultMessageSourceResolvable: codes [recipeRequest.name,name]; arguments []; default message [name]]; default message [must not be blank]] ]
?[1;31m
Start test 12?[0m
?[0;34m2023-03-05 11:23:56.817  WARN 8856 --- [nio-8881-exec-7] .w.s.m.s.DefaultHandlerExceptionResolver : Resolved [org.springframework.web.bind.MethodArgumentNotValidException: Validation failed for argument [0] in public org.springframework.http.ResponseEntity<?> recipes.controller.RecipeRestController.addRecipe(recipes.entity.RecipeRequest): [Field error in object 'recipeRequest' on field 'description': rejected value [null]; codes [NotBlank.recipeRequest.description,NotBlank.description,NotBlank.java.lang.String,NotBlank]; arguments [org.springframework.context.support.DefaultMessageSourceResolvable: codes [recipeRequest.description,description]; arguments []; default message [description]]; default message [must not be blank]] ]
?[1;31m
Start test 13?[0m
?[0;34m2023-03-05 11:23:56.827  WARN 8856 --- [nio-8881-exec-8] .w.s.m.s.DefaultHandlerExceptionResolver : Resolved [org.springframework.web.bind.MethodArgumentNotValidException: Validation failed for argument [0] in public org.springframework.http.ResponseEntity<?> recipes.controller.RecipeRestController.addRecipe(recipes.entity.RecipeRequest): [Field error in object 'recipeRequest' on field 'ingredients': rejected value [null]; codes [NotEmpty.recipeRequest.ingredients,NotEmpty.ingredients,NotEmpty.java.util.List,NotEmpty]; arguments [org.springframework.context.support.DefaultMessageSourceResolvable: codes [recipeRequest.ingredients,ingredients]; arguments []; default message [ingredients]]; default message [must not be empty]] ]
?[1;31m
Start test 14?[0m
?[0;34m2023-03-05 11:23:56.836  WARN 8856 --- [nio-8881-exec-9] .w.s.m.s.DefaultHandlerExceptionResolver : Resolved [org.springframework.web.bind.MethodArgumentNotValidException: Validation failed for argument [0] in public org.springframework.http.ResponseEntity<?> recipes.controller.RecipeRestController.addRecipe(recipes.entity.RecipeRequest): [Field error in object 'recipeRequest' on field 'directions': rejected value [null]; codes [NotEmpty.recipeRequest.directions,NotEmpty.directions,NotEmpty.java.util.List,NotEmpty]; arguments [org.springframework.context.support.DefaultMessageSourceResolvable: codes [recipeRequest.directions,directions]; arguments []; default message [directions]]; default message [must not be empty]] ]
?[1;31m
Start test 15?[0m
?[0;34m2023-03-05 11:23:56.843  WARN 8856 --- [io-8881-exec-10] .w.s.m.s.DefaultHandlerExceptionResolver : Resolved [org.springframework.web.bind.MethodArgumentNotValidException: Validation failed for argument [0] in public org.springframework.http.ResponseEntity<?> recipes.controller.RecipeRestController.addRecipe(recipes.entity.RecipeRequest): [Field error in object 'recipeRequest' on field 'name': rejected value [  ]; codes [NotBlank.recipeRequest.name,NotBlank.name,NotBlank.java.lang.String,NotBlank]; arguments [org.springframework.context.support.DefaultMessageSourceResolvable: codes [recipeRequest.name,name]; arguments []; default message [name]]; default message [must not be blank]] ]
?[1;31m
Start test 16?[0m
?[0m?[0;34m2023-03-05 11:23:56.852  WARN 8856 --- [nio-8881-exec-1] .w.s.m.s.DefaultHandlerExceptionResolver : Resolved [org.springframework.web.bind.MethodArgumentNotValidException: Validation failed for argument [0] in public org.springframework.http.ResponseEntity<?> recipes.controller.RecipeRestController.addRecipe(recipes.entity.RecipeRequest): [Field error in object 'recipeRequest' on field 'description': rejected value [  ]; codes [NotBlank.recipeRequest.description,NotBlank.description,NotBlank.java.lang.String,NotBlank]; arguments [org.springframework.context.support.DefaultMessageSourceResolvable: codes [recipeRequest.description,description]; arguments []; default message [description]]; default message [must not be blank]] ]
?[1;31m
Start test 17?[0m
?[0m?[0;34m2023-03-05 11:23:56.861  WARN 8856 --- [nio-8881-exec-2] .w.s.m.s.DefaultHandlerExceptionResolver : Resolved [org.springframework.web.bind.MethodArgumentNotValidException: Validation failed for argument [0] in public org.springframework.http.ResponseEntity<?> recipes.controller.RecipeRestController.addRecipe(recipes.entity.RecipeRequest): [Field error in object 'recipeRequest' on field 'ingredients': rejected value [[]]; codes [NotEmpty.recipeRequest.ingredients,NotEmpty.ingredients,NotEmpty.java.util.List,NotEmpty]; arguments [org.springframework.context.support.DefaultMessageSourceResolvable: codes [recipeRequest.ingredients,ingredients]; arguments []; default message [ingredients]]; default message [must not be empty]] ]
?[1;31m
Start test 18?[0m
?[0m?[0;34m2023-03-05 11:23:56.869  WARN 8856 --- [nio-8881-exec-3] .w.s.m.s.DefaultHandlerExceptionResolver : Resolved [org.springframework.web.bind.MethodArgumentNotValidException: Validation failed for argument [0] in public org.springframework.http.ResponseEntity<?> recipes.controller.RecipeRestController.addRecipe(recipes.entity.RecipeRequest): [Field error in object 'recipeRequest' on field 'directions': rejected value [[]]; codes [NotEmpty.recipeRequest.directions,NotEmpty.directions,NotEmpty.java.util.List,NotEmpty]; arguments [org.springframework.context.support.DefaultMessageSourceResolvable: codes [recipeRequest.directions,directions]; arguments []; default message [directions]]; default message [must not be empty]] ]
]]></system-out>
  <system-err><![CDATA[]]></system-err>
</testsuite>
